DNAI-beta/app/build/outputs/mapping/release/seeds.txt
com.google.android.material.appbar.AppBarLayout$LayoutParams$ScrollFlags
com.google.android.material.appbar.AppBarLayout$OnOffsetChangedListener
com.google.android.material.appbar.AppBarLayout$ScrollingViewBehavior
com.google.android.material.appbar.AppBarLayout$ScrollingViewBehavior: AppBarLayout$ScrollingViewBehavior()
com.google.android.material.appbar.AppBarLayout$ScrollingViewBehavior: AppBarLayout$ScrollingViewBehavior(android.content.Context,android.util.AttributeSet)
com.google.android.material.appbar.CollapsingToolbarLayout
com.google.android.material.appbar.CollapsingToolbarLayout: void setTitle(java.lang.CharSequence)
com.google.android.material.appbar.CollapsingToolbarLayout: java.lang.CharSequence getTitle()
com.google.android.material.appbar.CollapsingToolbarLayout: void setTitleEnabled(boolean)
com.google.android.material.appbar.CollapsingToolbarLayout: void setScrimsShown(boolean)
com.google.android.material.appbar.CollapsingToolbarLayout: void setScrimAlpha(int)
com.google.android.material.appbar.CollapsingToolbarLayout: int getScrimAlpha()
com.google.android.material.appbar.CollapsingToolbarLayout: void setContentScrim(android.graphics.drawable.Drawable)
com.google.android.material.appbar.CollapsingToolbarLayout: void setContentScrimColor(int)
com.google.android.material.appbar.CollapsingToolbarLayout: void setContentScrimResource(int)
com.google.android.material.appbar.CollapsingToolbarLayout: android.graphics.drawable.Drawable getContentScrim()
com.google.android.material.appbar.CollapsingToolbarLayout: void setStatusBarScrim(android.graphics.drawable.Drawable)
com.google.android.material.appbar.CollapsingToolbarLayout: void setVisibility(int)
com.google.android.material.appbar.CollapsingToolbarLayout: void setStatusBarScrimColor(int)
com.google.android.material.appbar.CollapsingToolbarLayout: void setStatusBarScrimResource(int)
com.google.android.material.appbar.CollapsingToolbarLayout$1
com.google.android.material.appbar.CollapsingToolbarLayout$2
com.google.android.material.appbar.CollapsingToolbarLayout$LayoutParams
com.google.android.material.appbar.CollapsingToolbarLayout$OffsetUpdateListener
com.google.android.material.appbar.HeaderBehavior
com.google.android.material.appbar.HeaderBehavior: HeaderBehavior()
com.google.android.material.appbar.HeaderBehavior: HeaderBehavior(android.content.Context,android.util.AttributeSet)
com.google.android.material.appbar.HeaderBehavior$FlingRunnable
com.google.android.material.appbar.HeaderScrollingViewBehavior
com.google.android.material.appbar.HeaderScrollingViewBehavior: HeaderScrollingViewBehavior()
com.google.android.material.appbar.HeaderScrollingViewBehavior: HeaderScrollingViewBehavior(android.content.Context,android.util.AttributeSet)
com.google.android.material.appbar.ViewOffsetBehavior
com.google.android.material.appbar.ViewOffsetBehavior: ViewOffsetBehavior()
com.google.android.material.appbar.ViewOffsetBehavior: ViewOffsetBehavior(android.content.Context,android.util.AttributeSet)
com.google.android.material.appbar.ViewOffsetHelper
com.google.android.material.appbar.ViewUtilsLollipop
com.google.android.material.behavior.HideBottomViewOnScrollBehavior
com.google.android.material.behavior.HideBottomViewOnScrollBehavior: HideBottomViewOnScrollBehavior()
com.google.android.material.behavior.HideBottomViewOnScrollBehavior: HideBottomViewOnScrollBehavior(android.content.Context,android.util.AttributeSet)
com.google.android.material.behavior.HideBottomViewOnScrollBehavior$1
com.google.android.material.behavior.SwipeDismissBehavior
com.google.android.material.behavior.SwipeDismissBehavior: SwipeDismissBehavior()
com.google.android.material.behavior.SwipeDismissBehavior$1
com.google.android.material.behavior.SwipeDismissBehavior$OnDismissListener
com.google.android.material.behavior.SwipeDismissBehavior$SettleRunnable