DNAI-beta/app/build/outputs/mapping/release/mapping.txt
androidx.vectordrawable.graphics.drawable.VectorDrawableCompat$VectorDrawableDelegateState -> androidx.k.a.a.i$h:
    android.graphics.drawable.Drawable$ConstantState mDelegateState -> a
    void <init>(android.graphics.drawable.Drawable$ConstantState) -> <init>
    android.graphics.drawable.Drawable newDrawable() -> newDrawable
    android.graphics.drawable.Drawable newDrawable(android.content.res.Resources) -> newDrawable
    android.graphics.drawable.Drawable newDrawable(android.content.res.Resources,android.content.res.Resources$Theme) -> newDrawable
    boolean canApplyTheme() -> canApplyTheme
    int getChangingConfigurations() -> getChangingConfigurations
androidx.versionedparcelable.CustomVersionedParcelable -> androidx.versionedparcelable.CustomVersionedParcelable:
    void <init>() -> <init>
    void onPreParceling(boolean) -> a
    void onPostParceling() -> c
androidx.versionedparcelable.ParcelImpl -> androidx.versionedparcelable.ParcelImpl:
    androidx.versionedparcelable.VersionedParcelable mParcel -> a
    android.os.Parcelable$Creator CREATOR -> CREATOR
    void <init>(android.os.Parcel) -> <init>
    int describeContents() -> describeContents
    void writeToParcel(android.os.Parcel,int) -> writeToParcel
    void <clinit>() -> <clinit>
androidx.versionedparcelable.ParcelImpl$1 -> androidx.versionedparcelable.ParcelImpl$1:
    void <init>() -> <init>
    androidx.versionedparcelable.ParcelImpl createFromParcel(android.os.Parcel) -> a
    androidx.versionedparcelable.ParcelImpl[] newArray(int) -> a
    java.lang.Object[] newArray(int) -> newArray
    java.lang.Object createFromParcel(android.os.Parcel) -> createFromParcel
androidx.versionedparcelable.VersionedParcel -> androidx.versionedparcelable.a:
    void <init>() -> <init>
    boolean isStream() -> a
    void closeField() -> b
    androidx.versionedparcelable.VersionedParcel createSubParcel() -> c
    void writeByteArray(byte[]) -> a
    void writeInt(int) -> a
    void writeString(java.lang.String) -> a
    void writeParcelable(android.os.Parcelable) -> a
    int readInt() -> d
    java.lang.String readString() -> e
    byte[] readByteArray() -> f
    android.os.Parcelable readParcelable() -> g
    boolean readField(int) -> b
    void setOutputField(int) -> c
    void setSerializationFlags(boolean,boolean) -> a
    void writeByteArray(byte[],int) -> a
    void writeInt(int,int) -> a
    void writeString(java.lang.String,int) -> a
    void writeParcelable(android.os.Parcelable,int) -> a
    int readInt(int,int) -> b
    java.lang.String readString(java.lang.String,int) -> b
    byte[] readByteArray(byte[],int) -> b
    android.os.Parcelable readParcelable(android.os.Parcelable,int) -> b
    void writeVersionedParcelable(androidx.versionedparcelable.VersionedParcelable) -> a
    void writeVersionedParcelableCreator(androidx.versionedparcelable.VersionedParcelable) -> b
    androidx.versionedparcelable.VersionedParcelable readVersionedParcelable() -> h
    androidx.versionedparcelable.VersionedParcelable readFromParcel(java.lang.String,androidx.versionedparcelable.VersionedParcel) -> a