DNAI-beta/app/build/outputs/mapping/release/usage.txt
androidx.core.graphics.drawable.IconCompat:
    private static final java.lang.String TAG
    public static final int TYPE_UNKNOWN
    private static final float ADAPTIVE_ICON_INSET_FACTOR
    private static final float DEFAULT_VIEW_PORT_SCALE
    private static final float ICON_DIAMETER_FACTOR
    private static final float BLUR_FACTOR
    private static final float KEY_SHADOW_OFFSET_FACTOR
    private static final int KEY_SHADOW_ALPHA
    private static final int AMBIENT_SHADOW_ALPHA
    private static final java.lang.String EXTRA_TYPE
    private static final java.lang.String EXTRA_OBJ
    private static final java.lang.String EXTRA_INT1
    private static final java.lang.String EXTRA_INT2
    private static final java.lang.String EXTRA_TINT_LIST
    private static final java.lang.String EXTRA_TINT_MODE
    194:197:public static androidx.core.graphics.drawable.IconCompat createWithResource(android.content.Context,int)
    205:222:public static androidx.core.graphics.drawable.IconCompat createWithResource(android.content.res.Resources,java.lang.String,int)
    231:236:public static androidx.core.graphics.drawable.IconCompat createWithBitmap(android.graphics.Bitmap)
    246:251:public static androidx.core.graphics.drawable.IconCompat createWithAdaptiveBitmap(android.graphics.Bitmap)
    264:271:public static androidx.core.graphics.drawable.IconCompat createWithData(byte[],int,int)
androidx.core.graphics.drawable.IconCompat$IconType
androidx.core.graphics.drawable.RoundedBitmapDrawable
androidx.core.graphics.drawable.RoundedBitmapDrawable21
androidx.core.graphics.drawable.RoundedBitmapDrawableFactory
androidx.core.graphics.drawable.RoundedBitmapDrawableFactory$DefaultRoundedBitmapDrawable
androidx.core.graphics.drawable.WrappedDrawableApi21:
    private static final java.lang.String TAG
    129:137:public boolean isProjected()
androidx.core.hardware.display.DisplayManagerCompat
androidx.core.hardware.fingerprint.FingerprintManagerCompat
androidx.core.hardware.fingerprint.FingerprintManagerCompat$1
androidx.core.hardware.fingerprint.FingerprintManagerCompat$AuthenticationCallback
androidx.core.hardware.fingerprint.FingerprintManagerCompat$AuthenticationResult
androidx.core.hardware.fingerprint.FingerprintManagerCompat$CryptoObject
androidx.core.internal.package-info
androidx.core.internal.view.SupportMenu:
    public static final int USER_MASK
    public static final int USER_SHIFT
    public static final int CATEGORY_MASK
    public static final int CATEGORY_SHIFT
    public static final int SUPPORTED_MODIFIERS_MASK
    public static final int FLAG_KEEP_OPEN_ON_SUBMENU_OPENED
    public abstract void setGroupDividerEnabled(boolean)
androidx.core.internal.view.SupportMenuItem:
    public static final int SHOW_AS_ACTION_NEVER
    public static final int SHOW_AS_ACTION_IF_ROOM
    public static final int SHOW_AS_ACTION_ALWAYS
    public static final int SHOW_AS_ACTION_WITH_TEXT
    public static final int SHOW_AS_ACTION_COLLAPSE_ACTION_VIEW
androidx.core.math.MathUtils:
    24:24:private MathUtils()
    60:65:public static double clamp(double,double,double)
androidx.core.net.ConnectivityManagerCompat
androidx.core.net.ConnectivityManagerCompat$RestrictBackgroundStatus
androidx.core.net.DatagramSocketWrapper
androidx.core.net.DatagramSocketWrapper$DatagramSocketImplWrapper
androidx.core.net.TrafficStatsCompat
androidx.core.os.BuildCompat
androidx.core.os.CancellationSignal
androidx.core.os.CancellationSignal$OnCancelListener
androidx.core.os.ConfigurationCompat
androidx.core.os.EnvironmentCompat
androidx.core.os.HandlerCompat
androidx.core.os.LocaleHelper
androidx.core.os.LocaleListCompat
androidx.core.os.LocaleListCompat$LocaleListCompatApi24Impl
androidx.core.os.LocaleListCompat$LocaleListCompatBaseImpl
androidx.core.os.LocaleListHelper
androidx.core.os.LocaleListInterface
androidx.core.os.OperationCanceledException
androidx.core.os.ParcelCompat
androidx.core.os.ParcelableCompat